\BOOKMARK [0][-]{chapter.1}{\376\377\000e\000m\000b\000e\000r\000\137\000p\000y\000\040\000p\000a\000c\000k\000a\000g\000e}{}% 1
\BOOKMARK [1][-]{section.1.1}{\376\377\000S\000u\000b\000m\000o\000d\000u\000l\000e\000s}{chapter.1}% 2
\BOOKMARK [1][-]{section.1.2}{\376\377\000e\000m\000b\000e\000r\000\137\000p\000y\000.\000l\000i\000g\000h\000t\000\137\000e\000m\000b\000e\000r\000\040\000m\000o\000d\000u\000l\000e}{chapter.1}% 3
\BOOKMARK [1][-]{section.1.3}{\376\377\000e\000m\000b\000e\000r\000\137\000p\000y\000.\000g\000e\000n\000e\000r\000a\000t\000e\000\137\000p\000v\000a\000l\000s\000\040\000m\000o\000d\000u\000l\000e}{chapter.1}% 4
\BOOKMARK [1][-]{section.1.4}{\376\377\000e\000m\000b\000e\000r\000\137\000p\000y\000.\000p\000l\000o\000t\000s\000\040\000m\000o\000d\000u\000l\000e}{chapter.1}% 5
\BOOKMARK [1][-]{section.1.5}{\376\377\000e\000m\000b\000e\000r\000\137\000p\000y\000.\000t\000o\000p\000\137\000g\000e\000n\000e\000s\000\040\000m\000o\000d\000u\000l\000e}{chapter.1}% 6
\BOOKMARK [1][-]{section.1.6}{\376\377\000M\000o\000d\000u\000l\000e\000\040\000c\000o\000n\000t\000e\000n\000t\000s}{chapter.1}% 7
\BOOKMARK [0][-]{chapter.2}{\376\377\000C\000o\000m\000m\000a\000n\000d\000\040\000L\000i\000n\000e\000\040\000I\000n\000t\000e\000r\000f\000a\000c\000e}{}% 8
\BOOKMARK [1][-]{section.2.1}{\376\377\000P\000o\000s\000i\000t\000i\000o\000n\000a\000l\000\040\000A\000r\000g\000u\000m\000e\000n\000t\000s}{chapter.2}% 9
\BOOKMARK [1][-]{section.2.2}{\376\377\000S\000u\000b\000-\000c\000o\000m\000m\000a\000n\000d\000s}{chapter.2}% 10
\BOOKMARK [2][-]{subsection.2.2.1}{\376\377\000l\000i\000g\000h\000t\000\137\000e\000m\000b\000e\000r}{section.2.2}% 11
\BOOKMARK [3][-]{subsubsection*.12}{\376\377\000P\000o\000s\000i\000t\000i\000o\000n\000a\000l\000\040\000A\000r\000g\000u\000m\000e\000n\000t\000s}{subsection.2.2.1}% 12
\BOOKMARK [3][-]{subsubsection*.13}{\376\377\000S\000a\000m\000p\000l\000i\000n\000g\000\040\000P\000a\000r\000a\000m\000e\000t\000e\000r\000s}{subsection.2.2.1}% 13
\BOOKMARK [3][-]{subsubsection*.14}{\376\377\000P\000-\000v\000a\000l\000u\000e\000\040\000P\000a\000r\000a\000m\000e\000t\000e\000r\000s}{subsection.2.2.1}% 14
\BOOKMARK [3][-]{subsubsection*.15}{\376\377\000P\000e\000r\000f\000o\000r\000m\000a\000n\000c\000e\000\040\000P\000a\000r\000a\000m\000e\000t\000e\000r\000s}{subsection.2.2.1}% 15
\BOOKMARK [2][-]{subsection.2.2.2}{\376\377\000g\000e\000n\000e\000r\000a\000t\000e\000\137\000p\000v\000a\000l\000s}{section.2.2}% 16
\BOOKMARK [3][-]{subsubsection*.16}{\376\377\000P\000o\000s\000i\000t\000i\000o\000n\000a\000l\000\040\000A\000r\000g\000u\000m\000e\000n\000t\000s}{subsection.2.2.2}% 17
\BOOKMARK [3][-]{subsubsection*.17}{\376\377\000N\000a\000m\000e\000d\000\040\000A\000r\000g\000u\000m\000e\000n\000t\000s}{subsection.2.2.2}% 18
\BOOKMARK [3][-]{subsubsection*.18}{\376\377\000P\000e\000r\000f\000o\000r\000m\000a\000n\000c\000e\000\040\000P\000a\000r\000a\000m\000e\000t\000e\000r\000s}{subsection.2.2.2}% 19
\BOOKMARK [3][-]{subsubsection*.19}{\376\377\000I\000n\000t\000e\000r\000n\000a\000l\000\040\000A\000r\000g\000u\000m\000e\000n\000t\000s\000\040\000\050\000u\000s\000e\000d\000\040\000b\000y\000\040\000l\000i\000g\000h\000t\000\137\000e\000m\000b\000e\000r\000\051}{subsection.2.2.2}% 20
\BOOKMARK [2][-]{subsection.2.2.3}{\376\377\000p\000l\000o\000t\000\137\000p\000a\000r\000t\000i\000t\000i\000o\000n\000\137\000s\000p\000e\000c\000i\000f\000i\000c\000i\000t\000y}{section.2.2}% 21
\BOOKMARK [3][-]{subsubsection*.20}{\376\377\000P\000o\000s\000i\000t\000i\000o\000n\000a\000l\000\040\000A\000r\000g\000u\000m\000e\000n\000t\000s}{subsection.2.2.3}% 22
\BOOKMARK [3][-]{subsubsection*.21}{\376\377\000N\000a\000m\000e\000d\000\040\000A\000r\000g\000u\000m\000e\000n\000t\000s}{subsection.2.2.3}% 23
\BOOKMARK [2][-]{subsection.2.2.4}{\376\377\000p\000l\000o\000t\000\137\000b\000l\000o\000c\000k\000\137\000s\000p\000e\000c\000i\000f\000i\000c\000i\000t\000y}{section.2.2}% 24
\BOOKMARK [3][-]{subsubsection*.22}{\376\377\000P\000o\000s\000i\000t\000i\000o\000n\000a\000l\000\040\000A\000r\000g\000u\000m\000e\000n\000t\000s}{subsection.2.2.4}% 25
\BOOKMARK [3][-]{subsubsection*.23}{\376\377\000N\000a\000m\000e\000d\000\040\000A\000r\000g\000u\000m\000e\000n\000t\000s}{subsection.2.2.4}% 26
\BOOKMARK [2][-]{subsection.2.2.5}{\376\377\000p\000l\000o\000t\000\137\000s\000a\000m\000p\000l\000e\000\137\000c\000o\000u\000n\000t\000s}{section.2.2}% 27
\BOOKMARK [3][-]{subsubsection*.24}{\376\377\000P\000o\000s\000i\000t\000i\000o\000n\000a\000l\000\040\000A\000r\000g\000u\000m\000e\000n\000t\000s}{subsection.2.2.5}% 28
\BOOKMARK [3][-]{subsubsection*.25}{\376\377\000N\000a\000m\000e\000d\000\040\000A\000r\000g\000u\000m\000e\000n\000t\000s}{subsection.2.2.5}% 29
\BOOKMARK [2][-]{subsection.2.2.6}{\376\377\000p\000l\000o\000t\000\137\000p\000s\000i\000\137\000b\000l\000o\000c\000k\000s}{section.2.2}% 30
\BOOKMARK [3][-]{subsubsection*.26}{\376\377\000P\000o\000s\000i\000t\000i\000o\000n\000a\000l\000\040\000A\000r\000g\000u\000m\000e\000n\000t\000s}{subsection.2.2.6}% 31
\BOOKMARK [3][-]{subsubsection*.27}{\376\377\000N\000a\000m\000e\000d\000\040\000A\000r\000g\000u\000m\000e\000n\000t\000s}{subsection.2.2.6}% 32
\BOOKMARK [2][-]{subsection.2.2.7}{\376\377\000h\000i\000g\000h\000l\000y\000\137\000s\000p\000e\000c\000i\000f\000i\000c\000\137\000t\000o\000\137\000p\000a\000r\000t\000i\000t\000i\000o\000n}{section.2.2}% 33
\BOOKMARK [3][-]{subsubsection*.28}{\376\377\000P\000o\000s\000i\000t\000i\000o\000n\000a\000l\000\040\000A\000r\000g\000u\000m\000e\000n\000t\000s}{subsection.2.2.7}% 34
\BOOKMARK [3][-]{subsubsection*.29}{\376\377\000T\000h\000r\000e\000s\000h\000o\000l\000d\000\040\000P\000a\000r\000a\000m\000e\000t\000e\000r\000s}{subsection.2.2.7}% 35
\BOOKMARK [2][-]{subsection.2.2.8}{\376\377\000h\000i\000g\000h\000l\000y\000\137\000s\000p\000e\000c\000i\000f\000i\000c\000\137\000t\000o\000\137\000b\000l\000o\000c\000k}{section.2.2}% 36
\BOOKMARK [3][-]{subsubsection*.30}{\376\377\000P\000o\000s\000i\000t\000i\000o\000n\000a\000l\000\040\000A\000r\000g\000u\000m\000e\000n\000t\000s}{subsection.2.2.8}% 37
\BOOKMARK [3][-]{subsubsection*.31}{\376\377\000T\000h\000r\000e\000s\000h\000o\000l\000d\000\040\000P\000a\000r\000a\000m\000e\000t\000e\000r\000s}{subsection.2.2.8}% 38
\BOOKMARK [2][-]{subsection.2.2.9}{\376\377\000n\000o\000n\000\137\000s\000p\000e\000c\000i\000f\000i\000c\000\137\000t\000o\000\137\000p\000a\000r\000t\000i\000t\000i\000o\000n}{section.2.2}% 39
\BOOKMARK [3][-]{subsubsection*.32}{\376\377\000P\000o\000s\000i\000t\000i\000o\000n\000a\000l\000\040\000A\000r\000g\000u\000m\000e\000n\000t\000s}{subsection.2.2.9}% 40
\BOOKMARK [3][-]{subsubsection*.33}{\376\377\000T\000h\000r\000e\000s\000h\000o\000l\000d\000\040\000P\000a\000r\000a\000m\000e\000t\000e\000r\000s}{subsection.2.2.9}% 41
\BOOKMARK [0][-]{section*.34}{\376\377\000P\000y\000t\000h\000o\000n\000\040\000M\000o\000d\000u\000l\000e\000\040\000I\000n\000d\000e\000x}{}% 42
\BOOKMARK [0][-]{section*.35}{\376\377\000I\000n\000d\000e\000x}{}% 43
